2018-11-28 15:02:03,842 INFO [StartupInfoLogger.java:50] Starting VmsSE on DESKTOP-NAC4JK8 with PID 15428 (C:\Users\jangr\git\vms\se\vms-se\target\classes started by jangr in C:\Users\jangr\git\vms\se\vms-se)
2018-11-28 15:02:03,846 DEBUG [StartupInfoLogger.java:53] Running with Spring Boot v2.0.4.RELEASE, Spring v5.0.8.RELEASE
2018-11-28 15:02:03,851 INFO [SpringApplication.java:662] No active profile set, falling back to default profiles: default
2018-11-28 15:02:03,921 INFO [AbstractApplicationContext.java:590] Refreshing org.springframework.context.annotation.AnnotationConfigApplicationContext@6ce139a4: startup date [Wed Nov 28 15:02:03 IST 2018]; root of context hierarchy
2018-11-28 15:02:05,149 WARN [AbstractApplicationContext.java:558] Exception encountered during context initialization - cancelling refresh attempt: org.springframework.beans.factory.UnsatisfiedDependencyException: Error creating bean with name 'processAccountRequest': Unsatisfied dependency expressed through field 'cbsUtil'; nested exception is org.springframework.beans.factory.UnsatisfiedDependencyException: Error creating bean with name 'CBSUtil': Unsatisfied dependency expressed through field 'service'; nested exception is org.springframework.beans.factory.UnsatisfiedDependencyException: Error creating bean with name 'getCBSInterfaceAccountMgrService' defined in vms.se.main.VmsSE: Unsatisfied dependency expressed through method 'getCBSInterfaceAccountMgrService' parameter 0; nested exception is org.springframework.beans.factory.NoUniqueBeanDefinitionException: No qualifying bean of type 'javax.xml.ws.handler.HandlerResolver' available: expected single matching bean but found 2: myHandlerResolver,getHandlerResolver
2018-11-28 15:02:05,230 INFO [ConditionEvaluationReportLoggingListener.java:101] 

Error starting ApplicationContext. To display the conditions report re-run your application with 'debug' enabled.
2018-11-28 15:02:05,240 ERROR [LoggingFailureAnalysisReporter.java:42] 

***************************
APPLICATION FAILED TO START
***************************

Description:

Parameter 0 of method getCBSInterfaceAccountMgrService in vms.se.main.VmsSE required a single bean, but 2 were found:
	- myHandlerResolver: defined in file [C:\Users\jangr\git\vms\se\vms-se\target\classes\vms\se\util\MyHandlerResolver.class]
	- getHandlerResolver: defined by method 'getHandlerResolver' in vms.se.main.VmsSE


Action:

Consider marking one of the beans as @Primary, updating the consumer to accept multiple beans, or using @Qualifier to identify the bean that should be consumed

2018-11-28 15:05:29,946 INFO [StartupInfoLogger.java:50] Starting VmsSE on DESKTOP-NAC4JK8 with PID 2216 (C:\Users\jangr\git\vms\se\vms-se\target\classes started by jangr in C:\Users\jangr\git\vms\se\vms-se)
2018-11-28 15:05:29,948 DEBUG [StartupInfoLogger.java:53] Running with Spring Boot v2.0.4.RELEASE, Spring v5.0.8.RELEASE
2018-11-28 15:05:29,948 INFO [SpringApplication.java:662] No active profile set, falling back to default profiles: default
2018-11-28 15:05:29,983 INFO [AbstractApplicationContext.java:590] Refreshing org.springframework.context.annotation.AnnotationConfigApplicationContext@27ae2fd0: startup date [Wed Nov 28 15:05:29 IST 2018]; root of context hierarchy
2018-11-28 15:05:30,606 WARN [AbstractApplicationContext.java:558] Exception encountered during context initialization - cancelling refresh attempt: org.springframework.beans.factory.UnsatisfiedDependencyException: Error creating bean with name 'processAccountRequest': Unsatisfied dependency expressed through field 'cbsUtil'; nested exception is org.springframework.beans.factory.UnsatisfiedDependencyException: Error creating bean with name 'CBSUtil': Unsatisfied dependency expressed through field 'service'; nested exception is org.springframework.beans.factory.UnsatisfiedDependencyException: Error creating bean with name 'getCBSInterfaceAccountMgrService' defined in vms.se.main.VmsSE: Unsatisfied dependency expressed through method 'getCBSInterfaceAccountMgrService' parameter 0; nested exception is org.springframework.beans.factory.NoUniqueBeanDefinitionException: No qualifying bean of type 'javax.xml.ws.handler.HandlerResolver' available: expected single matching bean but found 2: myHandlerResolver,getHandlerResolver
2018-11-28 15:05:30,650 INFO [ConditionEvaluationReportLoggingListener.java:101] 

Error starting ApplicationContext. To display the conditions report re-run your application with 'debug' enabled.
2018-11-28 15:05:30,655 ERROR [LoggingFailureAnalysisReporter.java:42] 

***************************
APPLICATION FAILED TO START
***************************

Description:

Parameter 0 of method getCBSInterfaceAccountMgrService in vms.se.main.VmsSE required a single bean, but 2 were found:
	- myHandlerResolver: defined in file [C:\Users\jangr\git\vms\se\vms-se\target\classes\vms\se\util\MyHandlerResolver.class]
	- getHandlerResolver: defined by method 'getHandlerResolver' in vms.se.main.VmsSE


Action:

Consider marking one of the beans as @Primary, updating the consumer to accept multiple beans, or using @Qualifier to identify the bean that should be consumed

